{"total": {"lines":{"total":585,"covered":332,"skipped":0,"pct":56.75},"statements":{"total":590,"covered":337,"skipped":0,"pct":57.11},"functions":{"total":138,"covered":59,"skipped":0,"pct":42.75},"branches":{"total":114,"covered":30,"skipped":0,"pct":26.31},"branchesTrue":{"total":0,"covered":0,"skipped":0,"pct":100}}
,"F:\\Projects\\libchrono\\workspaces\\core\\src\\core\\duration-error-listener.ts": {"lines":{"total":8,"covered":6,"skipped":0,"pct":75},"functions":{"total":5,"covered":1,"skipped":0,"pct":20},"statements":{"total":8,"covered":6,"skipped":0,"pct":75},"branches":{"total":0,"covered":0,"skipped":0,"pct":100}}
,"F:\\Projects\\libchrono\\workspaces\\core\\src\\core\\duration-parse-error.ts": {"lines":{"total":3,"covered":1,"skipped":0,"pct":33.33},"functions":{"total":1,"covered":0,"skipped":0,"pct":0},"statements":{"total":3,"covered":1,"skipped":0,"pct":33.33},"branches":{"total":0,"covered":0,"skipped":0,"pct":100}}
,"F:\\Projects\\libchrono\\workspaces\\core\\src\\core\\duration-utils.ts": {"lines":{"total":37,"covered":28,"skipped":0,"pct":75.67},"functions":{"total":4,"covered":3,"skipped":0,"pct":75},"statements":{"total":37,"covered":28,"skipped":0,"pct":75.67},"branches":{"total":6,"covered":3,"skipped":0,"pct":50}}
,"F:\\Projects\\libchrono\\workspaces\\core\\src\\core\\duration.ts": {"lines":{"total":28,"covered":28,"skipped":0,"pct":100},"functions":{"total":14,"covered":14,"skipped":0,"pct":100},"statements":{"total":32,"covered":32,"skipped":0,"pct":100},"branches":{"total":1,"covered":1,"skipped":0,"pct":100}}
,"F:\\Projects\\libchrono\\workspaces\\core\\src\\core\\plain-duration-utils.ts": {"lines":{"total":37,"covered":37,"skipped":0,"pct":100},"functions":{"total":11,"covered":11,"skipped":0,"pct":100},"statements":{"total":37,"covered":37,"skipped":0,"pct":100},"branches":{"total":0,"covered":0,"skipped":0,"pct":100}}
,"F:\\Projects\\libchrono\\workspaces\\core\\src\\generated\\DurationLexer.ts": {"lines":{"total":38,"covered":32,"skipped":0,"pct":84.21},"functions":{"total":8,"covered":2,"skipped":0,"pct":25},"statements":{"total":38,"covered":32,"skipped":0,"pct":84.21},"branches":{"total":1,"covered":1,"skipped":0,"pct":100}}
,"F:\\Projects\\libchrono\\workspaces\\core\\src\\generated\\DurationParser.ts": {"lines":{"total":427,"covered":193,"skipped":0,"pct":45.19},"functions":{"total":92,"covered":25,"skipped":0,"pct":27.17},"statements":{"total":427,"covered":193,"skipped":0,"pct":45.19},"branches":{"total":90,"covered":9,"skipped":0,"pct":10}}
,"F:\\Projects\\libchrono\\workspaces\\core\\src\\terms\\duration-statement.ts": {"lines":{"total":7,"covered":7,"skipped":0,"pct":100},"functions":{"total":3,"covered":3,"skipped":0,"pct":100},"statements":{"total":8,"covered":8,"skipped":0,"pct":100},"branches":{"total":16,"covered":16,"skipped":0,"pct":100}}
}
