{"total": {"lines":{"total":562,"covered":319,"skipped":0,"pct":56.76},"statements":{"total":563,"covered":320,"skipped":0,"pct":56.83},"functions":{"total":125,"covered":43,"skipped":0,"pct":34.4},"branches":{"total":113,"covered":32,"skipped":0,"pct":28.31},"branchesTrue":{"total":0,"covered":0,"skipped":0,"pct":100}}
,"D:\\projects\\libs\\libchrono\\workspaces\\core\\src\\core\\duration-error-listener.ts": {"lines":{"total":8,"covered":8,"skipped":0,"pct":100},"functions":{"total":5,"covered":2,"skipped":0,"pct":40},"statements":{"total":8,"covered":8,"skipped":0,"pct":100},"branches":{"total":0,"covered":0,"skipped":0,"pct":100}}
,"D:\\projects\\libs\\libchrono\\workspaces\\core\\src\\core\\duration-parse-error.ts": {"lines":{"total":3,"covered":3,"skipped":0,"pct":100},"functions":{"total":1,"covered":1,"skipped":0,"pct":100},"statements":{"total":3,"covered":3,"skipped":0,"pct":100},"branches":{"total":0,"covered":0,"skipped":0,"pct":100}}
,"D:\\projects\\libs\\libchrono\\workspaces\\core\\src\\core\\duration-utils.ts": {"lines":{"total":37,"covered":36,"skipped":0,"pct":97.29},"functions":{"total":4,"covered":4,"skipped":0,"pct":100},"statements":{"total":37,"covered":36,"skipped":0,"pct":97.29},"branches":{"total":6,"covered":5,"skipped":0,"pct":83.33}}
,"D:\\projects\\libs\\libchrono\\workspaces\\core\\src\\core\\duration.ts": {"lines":{"total":18,"covered":13,"skipped":0,"pct":72.22},"functions":{"total":8,"covered":3,"skipped":0,"pct":37.5},"statements":{"total":18,"covered":13,"skipped":0,"pct":72.22},"branches":{"total":0,"covered":0,"skipped":0,"pct":100}}
,"D:\\projects\\libs\\libchrono\\workspaces\\core\\src\\core\\plain-duration-utils.ts": {"lines":{"total":24,"covered":22,"skipped":0,"pct":91.66},"functions":{"total":4,"covered":2,"skipped":0,"pct":50},"statements":{"total":24,"covered":22,"skipped":0,"pct":91.66},"branches":{"total":0,"covered":0,"skipped":0,"pct":100}}
,"D:\\projects\\libs\\libchrono\\workspaces\\core\\src\\generated\\DurationLexer.ts": {"lines":{"total":38,"covered":32,"skipped":0,"pct":84.21},"functions":{"total":8,"covered":2,"skipped":0,"pct":25},"statements":{"total":38,"covered":32,"skipped":0,"pct":84.21},"branches":{"total":1,"covered":1,"skipped":0,"pct":100}}
,"D:\\projects\\libs\\libchrono\\workspaces\\core\\src\\generated\\DurationParser.ts": {"lines":{"total":427,"covered":198,"skipped":0,"pct":46.37},"functions":{"total":92,"covered":26,"skipped":0,"pct":28.26},"statements":{"total":427,"covered":198,"skipped":0,"pct":46.37},"branches":{"total":90,"covered":10,"skipped":0,"pct":11.11}}
,"D:\\projects\\libs\\libchrono\\workspaces\\core\\src\\terms\\duration-statement.ts": {"lines":{"total":7,"covered":7,"skipped":0,"pct":100},"functions":{"total":3,"covered":3,"skipped":0,"pct":100},"statements":{"total":8,"covered":8,"skipped":0,"pct":100},"branches":{"total":16,"covered":16,"skipped":0,"pct":100}}
}
