{"total": {"lines":{"total":702,"covered":512,"skipped":0,"pct":72.93},"statements":{"total":707,"covered":513,"skipped":0,"pct":72.56},"functions":{"total":174,"covered":93,"skipped":0,"pct":53.44},"branches":{"total":139,"covered":65,"skipped":0,"pct":46.76},"branchesTrue":{"total":0,"covered":0,"skipped":0,"pct":100}}
,"F:\\Projects\\libchrono\\src\\core\\duration-error-listener.ts": {"lines":{"total":8,"covered":8,"skipped":0,"pct":100},"functions":{"total":5,"covered":3,"skipped":0,"pct":60},"statements":{"total":8,"covered":8,"skipped":0,"pct":100},"branches":{"total":0,"covered":0,"skipped":0,"pct":100}}
,"F:\\Projects\\libchrono\\src\\core\\duration-parse-error.ts": {"lines":{"total":3,"covered":3,"skipped":0,"pct":100},"functions":{"total":1,"covered":1,"skipped":0,"pct":100},"statements":{"total":3,"covered":3,"skipped":0,"pct":100},"branches":{"total":0,"covered":0,"skipped":0,"pct":100}}
,"F:\\Projects\\libchrono\\src\\core\\duration-utils.ts": {"lines":{"total":38,"covered":32,"skipped":0,"pct":84.21},"functions":{"total":4,"covered":3,"skipped":0,"pct":75},"statements":{"total":38,"covered":32,"skipped":0,"pct":84.21},"branches":{"total":7,"covered":7,"skipped":0,"pct":100}}
,"F:\\Projects\\libchrono\\src\\core\\duration.ts": {"lines":{"total":28,"covered":20,"skipped":0,"pct":71.42},"functions":{"total":14,"covered":4,"skipped":0,"pct":28.57},"statements":{"total":32,"covered":20,"skipped":0,"pct":62.5},"branches":{"total":1,"covered":0,"skipped":0,"pct":0}}
,"F:\\Projects\\libchrono\\src\\core\\plain-duration-utils.ts": {"lines":{"total":37,"covered":37,"skipped":0,"pct":100},"functions":{"total":11,"covered":11,"skipped":0,"pct":100},"statements":{"total":37,"covered":37,"skipped":0,"pct":100},"branches":{"total":0,"covered":0,"skipped":0,"pct":100}}
,"F:\\Projects\\libchrono\\src\\generated\\DurationLexer.ts": {"lines":{"total":38,"covered":32,"skipped":0,"pct":84.21},"functions":{"total":8,"covered":2,"skipped":0,"pct":25},"statements":{"total":38,"covered":32,"skipped":0,"pct":84.21},"branches":{"total":1,"covered":1,"skipped":0,"pct":100}}
,"F:\\Projects\\libchrono\\src\\generated\\DurationParser.ts": {"lines":{"total":467,"covered":299,"skipped":0,"pct":64.02},"functions":{"total":107,"covered":45,"skipped":0,"pct":42.05},"statements":{"total":467,"covered":299,"skipped":0,"pct":64.02},"branches":{"total":91,"covered":24,"skipped":0,"pct":26.37}}
,"F:\\Projects\\libchrono\\src\\terms\\duration-expression-tail.ts": {"lines":{"total":13,"covered":12,"skipped":0,"pct":92.3},"functions":{"total":3,"covered":3,"skipped":0,"pct":100},"statements":{"total":13,"covered":12,"skipped":0,"pct":92.3},"branches":{"total":4,"covered":2,"skipped":0,"pct":50}}
,"F:\\Projects\\libchrono\\src\\terms\\duration-expression.ts": {"lines":{"total":15,"covered":15,"skipped":0,"pct":100},"functions":{"total":5,"covered":5,"skipped":0,"pct":100},"statements":{"total":15,"covered":15,"skipped":0,"pct":100},"branches":{"total":0,"covered":0,"skipped":0,"pct":100}}
,"F:\\Projects\\libchrono\\src\\terms\\duration-factor.ts": {"lines":{"total":12,"covered":11,"skipped":0,"pct":91.66},"functions":{"total":3,"covered":3,"skipped":0,"pct":100},"statements":{"total":13,"covered":12,"skipped":0,"pct":92.3},"branches":{"total":7,"covered":4,"skipped":0,"pct":57.14}}
,"F:\\Projects\\libchrono\\src\\terms\\duration-statement.ts": {"lines":{"total":10,"covered":10,"skipped":0,"pct":100},"functions":{"total":3,"covered":3,"skipped":0,"pct":100},"statements":{"total":10,"covered":10,"skipped":0,"pct":100},"branches":{"total":16,"covered":16,"skipped":0,"pct":100}}
,"F:\\Projects\\libchrono\\src\\terms\\duration-term-tail.ts": {"lines":{"total":12,"covered":12,"skipped":0,"pct":100},"functions":{"total":3,"covered":3,"skipped":0,"pct":100},"statements":{"total":12,"covered":12,"skipped":0,"pct":100},"branches":{"total":8,"covered":7,"skipped":0,"pct":87.5}}
,"F:\\Projects\\libchrono\\src\\terms\\duration-term.ts": {"lines":{"total":15,"covered":15,"skipped":0,"pct":100},"functions":{"total":5,"covered":5,"skipped":0,"pct":100},"statements":{"total":15,"covered":15,"skipped":0,"pct":100},"branches":{"total":0,"covered":0,"skipped":0,"pct":100}}
,"F:\\Projects\\libchrono\\src\\terms\\types\\expression-operator.ts": {"lines":{"total":3,"covered":3,"skipped":0,"pct":100},"functions":{"total":1,"covered":1,"skipped":0,"pct":100},"statements":{"total":3,"covered":3,"skipped":0,"pct":100},"branches":{"total":2,"covered":2,"skipped":0,"pct":100}}
,"F:\\Projects\\libchrono\\src\\terms\\types\\term-operator.ts": {"lines":{"total":3,"covered":3,"skipped":0,"pct":100},"functions":{"total":1,"covered":1,"skipped":0,"pct":100},"statements":{"total":3,"covered":3,"skipped":0,"pct":100},"branches":{"total":2,"covered":2,"skipped":0,"pct":100}}
}
