{"total": {"lines":{"total":585,"covered":349,"skipped":0,"pct":59.65},"statements":{"total":590,"covered":354,"skipped":0,"pct":60},"functions":{"total":138,"covered":63,"skipped":0,"pct":45.65},"branches":{"total":114,"covered":33,"skipped":0,"pct":28.94},"branchesTrue":{"total":0,"covered":0,"skipped":0,"pct":100}}
,"F:\\Projects\\libchrono\\src\\core\\duration-error-listener.ts": {"lines":{"total":8,"covered":8,"skipped":0,"pct":100},"functions":{"total":5,"covered":2,"skipped":0,"pct":40},"statements":{"total":8,"covered":8,"skipped":0,"pct":100},"branches":{"total":0,"covered":0,"skipped":0,"pct":100}}
,"F:\\Projects\\libchrono\\src\\core\\duration-parse-error.ts": {"lines":{"total":3,"covered":3,"skipped":0,"pct":100},"functions":{"total":1,"covered":1,"skipped":0,"pct":100},"statements":{"total":3,"covered":3,"skipped":0,"pct":100},"branches":{"total":0,"covered":0,"skipped":0,"pct":100}}
,"F:\\Projects\\libchrono\\src\\core\\duration-utils.ts": {"lines":{"total":37,"covered":36,"skipped":0,"pct":97.29},"functions":{"total":4,"covered":4,"skipped":0,"pct":100},"statements":{"total":37,"covered":36,"skipped":0,"pct":97.29},"branches":{"total":6,"covered":5,"skipped":0,"pct":83.33}}
,"F:\\Projects\\libchrono\\src\\core\\duration.ts": {"lines":{"total":28,"covered":28,"skipped":0,"pct":100},"functions":{"total":14,"covered":14,"skipped":0,"pct":100},"statements":{"total":32,"covered":32,"skipped":0,"pct":100},"branches":{"total":1,"covered":1,"skipped":0,"pct":100}}
,"F:\\Projects\\libchrono\\src\\core\\plain-duration-utils.ts": {"lines":{"total":37,"covered":37,"skipped":0,"pct":100},"functions":{"total":11,"covered":11,"skipped":0,"pct":100},"statements":{"total":37,"covered":37,"skipped":0,"pct":100},"branches":{"total":0,"covered":0,"skipped":0,"pct":100}}
,"F:\\Projects\\libchrono\\src\\generated\\DurationLexer.ts": {"lines":{"total":38,"covered":32,"skipped":0,"pct":84.21},"functions":{"total":8,"covered":2,"skipped":0,"pct":25},"statements":{"total":38,"covered":32,"skipped":0,"pct":84.21},"branches":{"total":1,"covered":1,"skipped":0,"pct":100}}
,"F:\\Projects\\libchrono\\src\\generated\\DurationParser.ts": {"lines":{"total":427,"covered":198,"skipped":0,"pct":46.37},"functions":{"total":92,"covered":26,"skipped":0,"pct":28.26},"statements":{"total":427,"covered":198,"skipped":0,"pct":46.37},"branches":{"total":90,"covered":10,"skipped":0,"pct":11.11}}
,"F:\\Projects\\libchrono\\src\\terms\\duration-statement.ts": {"lines":{"total":7,"covered":7,"skipped":0,"pct":100},"functions":{"total":3,"covered":3,"skipped":0,"pct":100},"statements":{"total":8,"covered":8,"skipped":0,"pct":100},"branches":{"total":16,"covered":16,"skipped":0,"pct":100}}
}
