TN:
SF:src\core\duration-error-listener.ts
FN:6,(anonymous_0)
FN:11,(anonymous_1)
FN:20,(anonymous_2)
FN:22,(anonymous_3)
FN:24,(anonymous_4)
FNF:5
FNH:3
FNDA:14,(anonymous_0)
FNDA:8,(anonymous_1)
FNDA:0,(anonymous_2)
FNDA:0,(anonymous_3)
FNDA:10,(anonymous_4)
DA:3,1
DA:7,14
DA:11,14
DA:12,8
DA:17,8
DA:20,14
DA:22,14
DA:24,14
LF:8
LH:8
BRF:0
BRH:0
end_of_record
TN:
SF:src\generated\DurationLexer.ts
FN:61,(anonymous_6)
FN:67,(anonymous_7)
FN:73,(anonymous_8)
FN:76,(anonymous_9)
FN:79,(anonymous_10)
FN:82,(anonymous_11)
FN:85,(anonymous_12)
FN:122,(anonymous_13)
FNF:8
FNH:2
FNDA:0,(anonymous_6)
FNDA:14,(anonymous_7)
FNDA:0,(anonymous_8)
FNDA:0,(anonymous_9)
FNDA:0,(anonymous_10)
FNDA:0,(anonymous_11)
FNDA:0,(anonymous_12)
FNDA:14,(anonymous_13)
DA:5,1
DA:7,1
DA:8,1
DA:13,1
DA:15,1
DA:18,1
DA:19,1
DA:20,1
DA:21,1
DA:22,1
DA:23,1
DA:24,1
DA:25,1
DA:26,1
DA:27,1
DA:28,1
DA:29,1
DA:30,1
DA:31,1
DA:32,1
DA:35,1
DA:40,1
DA:44,1
DA:49,1
DA:53,1
DA:57,1
DA:62,0
DA:68,14
DA:69,14
DA:73,0
DA:76,0
DA:79,0
DA:82,0
DA:85,0
DA:87,1
DA:123,14
DA:124,1
DA:127,14
LF:38
LH:32
BRDA:123,0,0,1
BRF:1
BRH:1
end_of_record
TN:
SF:src\generated\DurationParser.ts
FN:76,(anonymous_6)
FN:82,(anonymous_7)
FN:85,(anonymous_8)
FN:88,(anonymous_9)
FN:90,(anonymous_10)
FN:94,(anonymous_11)
FN:99,(anonymous_12)
FN:142,(anonymous_13)
FN:184,(anonymous_14)
FN:222,(anonymous_15)
FN:262,(anonymous_16)
FN:300,(anonymous_17)
FN:350,(anonymous_18)
FN:434,(anonymous_19)
FN:461,(anonymous_20)
FN:488,(anonymous_21)
FN:515,(anonymous_22)
FN:542,(anonymous_23)
FN:569,(anonymous_24)
FN:651,(anonymous_25)
FN:662,(anonymous_26)
FN:665,(anonymous_27)
FN:666,(anonymous_28)
FN:669,(anonymous_29)
FN:673,(anonymous_30)
FN:675,(anonymous_31)
FN:681,(anonymous_32)
FN:690,(anonymous_33)
FN:695,(anonymous_34)
FN:702,(anonymous_35)
FN:706,(anonymous_36)
FN:708,(anonymous_37)
FN:714,(anonymous_38)
FN:723,(anonymous_39)
FN:726,(anonymous_40)
FN:727,(anonymous_41)
FN:728,(anonymous_42)
FN:732,(anonymous_43)
FN:734,(anonymous_44)
FN:740,(anonymous_45)
FN:749,(anonymous_46)
FN:754,(anonymous_47)
FN:761,(anonymous_48)
FN:765,(anonymous_49)
FN:767,(anonymous_50)
FN:773,(anonymous_51)
FN:782,(anonymous_52)
FN:783,(anonymous_53)
FN:784,(anonymous_54)
FN:785,(anonymous_55)
FN:789,(anonymous_56)
FN:791,(anonymous_57)
FN:797,(anonymous_58)
FN:806,(anonymous_59)
FN:809,(anonymous_60)
FN:810,(anonymous_61)
FN:813,(anonymous_62)
FN:814,(anonymous_63)
FN:818,(anonymous_64)
FN:820,(anonymous_65)
FN:826,(anonymous_66)
FN:835,(anonymous_67)
FN:838,(anonymous_68)
FN:841,(anonymous_69)
FN:844,(anonymous_70)
FN:847,(anonymous_71)
FN:850,(anonymous_72)
FN:853,(anonymous_73)
FN:857,(anonymous_74)
FN:859,(anonymous_75)
FN:865,(anonymous_76)
FN:874,(anonymous_77)
FN:875,(anonymous_78)
FN:876,(anonymous_79)
FN:880,(anonymous_80)
FN:882,(anonymous_81)
FN:888,(anonymous_82)
FN:897,(anonymous_83)
FN:898,(anonymous_84)
FN:899,(anonymous_85)
FN:903,(anonymous_86)
FN:905,(anonymous_87)
FN:911,(anonymous_88)
FN:920,(anonymous_89)
FN:921,(anonymous_90)
FN:922,(anonymous_91)
FN:926,(anonymous_92)
FN:928,(anonymous_93)
FN:934,(anonymous_94)
FN:943,(anonymous_95)
FN:944,(anonymous_96)
FN:945,(anonymous_97)
FN:949,(anonymous_98)
FN:951,(anonymous_99)
FN:957,(anonymous_100)
FN:966,(anonymous_101)
FN:967,(anonymous_102)
FN:968,(anonymous_103)
FN:972,(anonymous_104)
FN:974,(anonymous_105)
FN:980,(anonymous_106)
FN:989,(anonymous_107)
FN:990,(anonymous_108)
FN:991,(anonymous_109)
FN:995,(anonymous_110)
FN:997,(anonymous_111)
FN:1003,(anonymous_112)
FNF:107
FNH:29
FNDA:8,(anonymous_6)
FNDA:0,(anonymous_7)
FNDA:0,(anonymous_8)
FNDA:0,(anonymous_9)
FNDA:0,(anonymous_10)
FNDA:14,(anonymous_11)
FNDA:14,(anonymous_12)
FNDA:29,(anonymous_13)
FNDA:11,(anonymous_14)
FNDA:29,(anonymous_15)
FNDA:10,(anonymous_16)
FNDA:29,(anonymous_17)
FNDA:25,(anonymous_18)
FNDA:14,(anonymous_19)
FNDA:9,(anonymous_20)
FNDA:5,(anonymous_21)
FNDA:3,(anonymous_22)
FNDA:3,(anonymous_23)
FNDA:3,(anonymous_24)
FNDA:14,(anonymous_25)
FNDA:0,(anonymous_26)
FNDA:0,(anonymous_27)
FNDA:0,(anonymous_28)
FNDA:14,(anonymous_29)
FNDA:0,(anonymous_30)
FNDA:0,(anonymous_31)
FNDA:0,(anonymous_32)
FNDA:0,(anonymous_33)
FNDA:0,(anonymous_34)
FNDA:29,(anonymous_35)
FNDA:0,(anonymous_36)
FNDA:0,(anonymous_37)
FNDA:0,(anonymous_38)
FNDA:0,(anonymous_39)
FNDA:0,(anonymous_40)
FNDA:0,(anonymous_41)
FNDA:11,(anonymous_42)
FNDA:0,(anonymous_43)
FNDA:0,(anonymous_44)
FNDA:0,(anonymous_45)
FNDA:0,(anonymous_46)
FNDA:0,(anonymous_47)
FNDA:29,(anonymous_48)
FNDA:0,(anonymous_49)
FNDA:0,(anonymous_50)
FNDA:0,(anonymous_51)
FNDA:0,(anonymous_52)
FNDA:0,(anonymous_53)
FNDA:0,(anonymous_54)
FNDA:10,(anonymous_55)
FNDA:0,(anonymous_56)
FNDA:0,(anonymous_57)
FNDA:0,(anonymous_58)
FNDA:0,(anonymous_59)
FNDA:0,(anonymous_60)
FNDA:0,(anonymous_61)
FNDA:0,(anonymous_62)
FNDA:29,(anonymous_63)
FNDA:0,(anonymous_64)
FNDA:0,(anonymous_65)
FNDA:0,(anonymous_66)
FNDA:0,(anonymous_67)
FNDA:0,(anonymous_68)
FNDA:0,(anonymous_69)
FNDA:0,(anonymous_70)
FNDA:0,(anonymous_71)
FNDA:0,(anonymous_72)
FNDA:25,(anonymous_73)
FNDA:0,(anonymous_74)
FNDA:0,(anonymous_75)
FNDA:0,(anonymous_76)
FNDA:0,(anonymous_77)
FNDA:0,(anonymous_78)
FNDA:14,(anonymous_79)
FNDA:0,(anonymous_80)
FNDA:0,(anonymous_81)
FNDA:0,(anonymous_82)
FNDA:0,(anonymous_83)
FNDA:0,(anonymous_84)
FNDA:9,(anonymous_85)
FNDA:0,(anonymous_86)
FNDA:0,(anonymous_87)
FNDA:0,(anonymous_88)
FNDA:0,(anonymous_89)
FNDA:0,(anonymous_90)
FNDA:5,(anonymous_91)
FNDA:0,(anonymous_92)
FNDA:0,(anonymous_93)
FNDA:0,(anonymous_94)
FNDA:0,(anonymous_95)
FNDA:0,(anonymous_96)
FNDA:3,(anonymous_97)
FNDA:0,(anonymous_98)
FNDA:0,(anonymous_99)
FNDA:0,(anonymous_100)
FNDA:0,(anonymous_101)
FNDA:0,(anonymous_102)
FNDA:3,(anonymous_103)
FNDA:0,(anonymous_104)
FNDA:0,(anonymous_105)
FNDA:0,(anonymous_106)
FNDA:0,(anonymous_107)
FNDA:0,(anonymous_108)
FNDA:3,(anonymous_109)
FNDA:0,(anonymous_110)
FNDA:0,(anonymous_111)
FNDA:0,(anonymous_112)
DA:4,1
DA:5,1
DA:6,1
DA:8,1
DA:10,1
DA:11,1
DA:12,1
DA:15,1
DA:19,1
DA:22,1
DA:24,1
DA:28,1
DA:29,1
DA:30,1
DA:31,1
DA:32,1
DA:33,1
DA:34,1
DA:35,1
DA:36,1
DA:37,1
DA:38,1
DA:39,1
DA:40,1
DA:41,1
DA:42,1
DA:43,1
DA:44,1
DA:45,1
DA:46,1
DA:47,1
DA:48,1
DA:49,1
DA:50,1
DA:51,1
DA:52,1
DA:53,1
DA:54,1
DA:55,1
DA:57,1
DA:64,1
DA:68,1
DA:72,1
DA:77,8
DA:82,0
DA:85,0
DA:88,0
DA:91,0
DA:95,14
DA:96,14
DA:100,14
DA:101,14
DA:102,14
DA:103,14
DA:104,14
DA:105,14
DA:107,2
DA:109,2
DA:110,2
DA:111,2
DA:112,2
DA:114,2
DA:117,12
DA:119,12
DA:120,12
DA:121,12
DA:122,12
DA:124,10
DA:128,2
DA:129,2
DA:130,2
DA:131,2
DA:133,0
DA:137,14
DA:139,14
DA:143,29
DA:144,29
DA:145,29
DA:147,29
DA:149,29
DA:150,29
DA:151,29
DA:152,29
DA:153,29
DA:154,29
DA:155,11
DA:158,11
DA:159,11
DA:163,11
DA:164,11
DA:165,11
DA:170,0
DA:171,0
DA:172,0
DA:173,0
DA:175,0
DA:179,29
DA:181,29
DA:185,11
DA:186,11
DA:188,11
DA:189,11
DA:191,11
DA:192,11
DA:193,11
DA:194,0
DA:196,11
DA:197,0
DA:200,11
DA:201,11
DA:203,11
DA:204,11
DA:208,0
DA:209,0
DA:210,0
DA:211,0
DA:213,0
DA:217,11
DA:219,11
DA:223,29
DA:224,29
DA:226,29
DA:227,29
DA:229,29
DA:230,29
DA:231,29
DA:232,29
DA:233,29
DA:234,29
DA:237,10
DA:238,10
DA:241,10
DA:242,10
DA:243,10
DA:248,0
DA:249,0
DA:250,0
DA:251,0
DA:253,0
DA:257,29
DA:259,29
DA:263,10
DA:264,10
DA:266,10
DA:267,10
DA:269,10
DA:270,10
DA:271,10
DA:272,0
DA:274,10
DA:275,0
DA:278,10
DA:279,10
DA:281,10
DA:282,10
DA:286,0
DA:287,0
DA:288,0
DA:289,0
DA:291,0
DA:295,10
DA:297,10
DA:301,29
DA:302,29
DA:303,29
DA:304,29
DA:305,29
DA:306,29
DA:314,23
DA:316,23
DA:317,23
DA:319,23
DA:321,6
DA:323,6
DA:324,6
DA:325,6
DA:326,6
DA:327,6
DA:328,6
DA:330,6
DA:332,0
DA:336,0
DA:337,0
DA:338,0
DA:339,0
DA:341,0
DA:345,29
DA:347,29
DA:351,25
DA:352,25
DA:354,25
DA:355,25
DA:357,25
DA:358,25
DA:359,25
DA:362,14
DA:363,14
DA:365,14
DA:367,25
DA:368,25
DA:369,25
DA:372,9
DA:373,9
DA:375,9
DA:377,25
DA:378,25
DA:379,25
DA:382,5
DA:383,5
DA:385,5
DA:387,25
DA:388,25
DA:389,25
DA:392,3
DA:393,3
DA:395,3
DA:397,25
DA:398,25
DA:399,25
DA:402,3
DA:403,3
DA:405,3
DA:407,25
DA:408,25
DA:409,25
DA:410,25
DA:412,3
DA:413,3
DA:420,0
DA:421,0
DA:422,0
DA:423,0
DA:425,0
DA:429,25
DA:431,25
DA:435,14
DA:436,14
DA:437,14
DA:438,14
DA:440,14
DA:441,14
DA:442,14
DA:443,14
DA:447,0
DA:448,0
DA:449,0
DA:450,0
DA:452,0
DA:456,14
DA:458,14
DA:462,9
DA:463,9
DA:464,9
DA:465,9
DA:467,9
DA:468,9
DA:469,9
DA:470,9
DA:474,0
DA:475,0
DA:476,0
DA:477,0
DA:479,0
DA:483,9
DA:485,9
DA:489,5
DA:490,5
DA:491,5
DA:492,5
DA:494,5
DA:495,5
DA:496,5
DA:497,5
DA:501,0
DA:502,0
DA:503,0
DA:504,0
DA:506,0
DA:510,5
DA:512,5
DA:516,3
DA:517,3
DA:518,3
DA:519,3
DA:521,3
DA:522,3
DA:523,3
DA:524,3
DA:528,0
DA:529,0
DA:530,0
DA:531,0
DA:533,0
DA:537,3
DA:539,3
DA:543,3
DA:544,3
DA:545,3
DA:546,3
DA:548,3
DA:549,3
DA:550,3
DA:551,3
DA:555,0
DA:556,0
DA:557,0
DA:558,0
DA:560,0
DA:564,3
DA:566,3
DA:570,3
DA:571,3
DA:572,3
DA:573,3
DA:574,3
DA:575,3
DA:577,3
DA:579,3
DA:580,3
DA:581,3
DA:582,3
DA:584,3
DA:587,0
DA:589,0
DA:590,0
DA:592,0
DA:596,0
DA:597,0
DA:598,0
DA:599,0
DA:601,0
DA:605,3
DA:607,3
DA:610,1
DA:652,14
DA:653,1
DA:656,14
DA:661,1
DA:663,0
DA:665,0
DA:667,0
DA:670,14
DA:673,0
DA:676,0
DA:677,0
DA:682,0
DA:683,0
DA:689,1
DA:691,0
DA:696,0
DA:697,0
DA:699,0
DA:703,29
DA:706,0
DA:709,0
DA:710,0
DA:715,0
DA:716,0
DA:722,1
DA:724,0
DA:726,0
DA:727,0
DA:729,11
DA:732,0
DA:735,0
DA:736,0
DA:741,0
DA:742,0
DA:748,1
DA:750,0
DA:755,0
DA:756,0
DA:758,0
DA:762,29
DA:765,0
DA:768,0
DA:769,0
DA:774,0
DA:775,0
DA:781,1
DA:782,0
DA:783,0
DA:784,0
DA:786,10
DA:789,0
DA:792,0
DA:793,0
DA:798,0
DA:799,0
DA:805,1
DA:807,0
DA:809,0
DA:811,0
DA:813,0
DA:815,29
DA:818,0
DA:821,0
DA:822,0
DA:827,0
DA:828,0
DA:834,1
DA:836,0
DA:839,0
DA:842,0
DA:845,0
DA:848,0
DA:851,0
DA:854,25
DA:857,0
DA:860,0
DA:861,0
DA:866,0
DA:867,0
DA:873,1
DA:874,0
DA:875,0
DA:877,14
DA:880,0
DA:883,0
DA:884,0
DA:889,0
DA:890,0
DA:896,1
DA:897,0
DA:898,0
DA:900,9
DA:903,0
DA:906,0
DA:907,0
DA:912,0
DA:913,0
DA:919,1
DA:920,0
DA:921,0
DA:923,5
DA:926,0
DA:929,0
DA:930,0
DA:935,0
DA:936,0
DA:942,1
DA:943,0
DA:944,0
DA:946,3
DA:949,0
DA:952,0
DA:953,0
DA:958,0
DA:959,0
DA:965,1
DA:966,0
DA:967,0
DA:969,3
DA:972,0
DA:975,0
DA:976,0
DA:981,0
DA:982,0
DA:988,1
DA:989,0
DA:990,0
DA:992,3
DA:995,0
DA:998,0
DA:999,0
DA:1004,0
DA:1005,0
LF:467
LH:289
BRDA:105,0,0,2
BRDA:105,0,1,12
BRDA:128,1,0,2
BRDA:128,1,1,0
BRDA:154,2,0,40
BRDA:154,2,1,11
BRDA:155,3,0,11
BRDA:170,4,0,0
BRDA:170,4,1,0
BRDA:193,5,0,0
BRDA:193,5,1,11
BRDA:193,6,0,11
BRDA:193,6,1,5
BRDA:196,7,0,0
BRDA:208,8,0,0
BRDA:208,8,1,0
BRDA:234,9,0,39
BRDA:234,9,1,33
BRDA:248,10,0,0
BRDA:248,10,1,0
BRDA:271,11,0,0
BRDA:271,11,1,10
BRDA:271,12,0,10
BRDA:271,12,1,4
BRDA:274,13,0,0
BRDA:286,14,0,0
BRDA:286,14,1,0
BRDA:306,15,0,0
BRDA:306,15,1,0
BRDA:306,15,2,0
BRDA:306,15,3,0
BRDA:306,15,4,0
BRDA:306,15,5,0
BRDA:306,15,6,23
BRDA:306,15,7,6
BRDA:306,15,8,0
BRDA:336,16,0,0
BRDA:336,16,1,0
BRDA:359,17,0,14
BRDA:369,18,0,9
BRDA:379,19,0,5
BRDA:389,20,0,3
BRDA:399,21,0,3
BRDA:410,22,0,3
BRDA:420,23,0,0
BRDA:420,23,1,0
BRDA:447,24,0,0
BRDA:447,24,1,0
BRDA:474,25,0,0
BRDA:474,25,1,0
BRDA:501,26,0,0
BRDA:501,26,1,0
BRDA:528,27,0,0
BRDA:528,27,1,0
BRDA:555,28,0,0
BRDA:555,28,1,0
BRDA:575,29,0,3
BRDA:575,29,1,0
BRDA:596,30,0,0
BRDA:596,30,1,0
BRDA:652,31,0,1
BRDA:676,32,0,0
BRDA:682,33,0,0
BRDA:696,34,0,0
BRDA:696,34,1,0
BRDA:709,35,0,0
BRDA:715,36,0,0
BRDA:735,37,0,0
BRDA:741,38,0,0
BRDA:755,39,0,0
BRDA:755,39,1,0
BRDA:768,40,0,0
BRDA:774,41,0,0
BRDA:792,42,0,0
BRDA:798,43,0,0
BRDA:821,44,0,0
BRDA:827,45,0,0
BRDA:860,46,0,0
BRDA:866,47,0,0
BRDA:883,48,0,0
BRDA:889,49,0,0
BRDA:906,50,0,0
BRDA:912,51,0,0
BRDA:929,52,0,0
BRDA:935,53,0,0
BRDA:952,54,0,0
BRDA:958,55,0,0
BRDA:975,56,0,0
BRDA:981,57,0,0
BRDA:998,58,0,0
BRDA:1004,59,0,0
BRF:91
BRH:24
end_of_record
