TN:
SF:src\index.ts
FN:1,(anonymous_0)
FN:2,(anonymous_1)
FN:3,(anonymous_2)
FNF:3
FNH:0
FNDA:0,(anonymous_0)
FNDA:0,(anonymous_1)
FNDA:0,(anonymous_2)
DA:1,0
DA:2,0
DA:3,0
LF:3
LH:0
BRF:0
BRH:0
end_of_record
TN:
SF:src\core\duration-error-listener.ts
FN:6,(anonymous_0)
FN:10,(anonymous_1)
FN:25,(anonymous_2)
FN:27,(anonymous_3)
FN:29,(anonymous_4)
FNF:5
FNH:5
FNDA:81,(anonymous_0)
FNDA:22,(anonymous_1)
FNDA:1,(anonymous_2)
FNDA:1,(anonymous_3)
FNDA:22,(anonymous_4)
DA:3,6
DA:7,81
DA:10,81
DA:17,22
DA:22,22
DA:25,81
DA:27,81
DA:29,81
LF:8
LH:8
BRF:0
BRH:0
end_of_record
TN:
SF:src\core\duration-grammar-utils.ts
FN:19,(anonymous_0)
FN:43,(anonymous_1)
FNF:2
FNH:2
FNDA:99,(anonymous_0)
FNDA:90,(anonymous_1)
DA:2,17
DA:3,17
DA:4,17
DA:9,17
DA:19,17
DA:20,99
DA:21,99
DA:23,99
DA:25,99
DA:26,72
DA:29,99
DA:43,17
DA:44,90
DA:45,90
DA:46,90
DA:48,90
DA:50,90
DA:51,70
DA:54,90
LF:19
LH:19
BRDA:25,0,0,72
BRDA:50,1,0,70
BRF:2
BRH:2
end_of_record
TN:
SF:src\core\duration-parse-error.ts
FN:7,(anonymous_0)
FNF:1
FNH:1
FNDA:3,(anonymous_0)
DA:4,3
DA:7,3
DA:8,3
LF:3
LH:3
BRF:0
BRH:0
end_of_record
TN:
SF:src\core\duration-utils.ts
FN:21,(anonymous_0)
FN:41,(anonymous_1)
FN:54,(anonymous_2)
FNF:3
FNH:3
FNDA:44,(anonymous_0)
FNDA:2,(anonymous_1)
FNDA:44,(anonymous_2)
DA:1,2
DA:3,2
DA:4,2
DA:6,2
DA:7,2
DA:8,2
DA:9,2
DA:10,2
DA:16,2
DA:21,2
DA:22,44
DA:23,44
DA:24,44
DA:25,44
DA:27,44
DA:28,44
DA:30,44
DA:31,43
DA:33,1
DA:41,2
DA:42,2
DA:43,2
DA:44,2
DA:45,2
DA:46,2
DA:48,2
DA:54,2
DA:55,44
DA:57,44
DA:58,1
DA:61,43
DA:65,43
LF:32
LH:32
BRDA:55,0,0,40
BRDA:55,0,1,4
BRDA:55,1,0,44
BRDA:55,1,1,44
BRDA:57,2,0,1
BRDA:61,3,0,3
BRDA:61,3,1,40
BRF:7
BRH:7
end_of_record
TN:
SF:src\core\duration.ts
FN:32,(anonymous_0)
FN:40,(anonymous_1)
FN:46,(anonymous_2)
FN:52,(anonymous_3)
FN:58,(anonymous_4)
FN:69,(anonymous_5)
FN:74,(anonymous_6)
FN:79,(anonymous_7)
FN:84,(anonymous_8)
FN:89,(anonymous_9)
FN:94,(anonymous_10)
FN:99,(anonymous_11)
FN:104,(anonymous_12)
FN:110,(anonymous_13)
FN:115,(anonymous_14)
FN:122,(anonymous_15)
FN:128,(anonymous_16)
FN:135,(anonymous_17)
FN:142,(anonymous_18)
FN:13,(anonymous_19)
FNF:20
FNH:20
FNDA:53,(anonymous_0)
FNDA:3,(anonymous_1)
FNDA:1,(anonymous_2)
FNDA:2,(anonymous_3)
FNDA:3,(anonymous_4)
FNDA:3,(anonymous_5)
FNDA:3,(anonymous_6)
FNDA:3,(anonymous_7)
FNDA:3,(anonymous_8)
FNDA:3,(anonymous_9)
FNDA:3,(anonymous_10)
FNDA:14,(anonymous_11)
FNDA:11,(anonymous_12)
FNDA:1,(anonymous_13)
FNDA:4,(anonymous_14)
FNDA:3,(anonymous_15)
FNDA:2,(anonymous_16)
FNDA:1,(anonymous_17)
FNDA:1,(anonymous_18)
FNDA:45,(anonymous_19)
DA:2,2
DA:8,2
DA:13,2
DA:14,45
DA:24,45
DA:33,53
DA:40,53
DA:46,53
DA:52,53
DA:58,53
DA:59,3
DA:60,1
DA:63,2
DA:69,53
DA:74,53
DA:79,53
DA:84,53
DA:89,53
DA:94,53
DA:99,53
DA:104,53
DA:105,11
DA:110,53
DA:115,53
DA:116,4
DA:122,53
DA:128,53
DA:129,2
DA:135,53
DA:136,1
DA:142,53
LF:31
LH:31
BRDA:59,0,0,1
BRF:1
BRH:1
end_of_record
TN:
SF:src\core\plain-duration-utils.ts
FN:32,(anonymous_0)
FN:45,(anonymous_1)
FN:51,(anonymous_2)
FN:58,(anonymous_3)
FN:65,(anonymous_4)
FN:72,(anonymous_5)
FN:79,(anonymous_6)
FN:85,(anonymous_7)
FN:106,(anonymous_8)
FN:108,(anonymous_9)
FN:109,(anonymous_10)
FN:113,(anonymous_11)
FNF:12
FNH:12
FNDA:58,(anonymous_0)
FNDA:67,(anonymous_1)
FNDA:66,(anonymous_2)
FNDA:65,(anonymous_3)
FNDA:64,(anonymous_4)
FNDA:63,(anonymous_5)
FNDA:62,(anonymous_6)
FNDA:113,(anonymous_7)
FNDA:13,(anonymous_8)
FNDA:78,(anonymous_9)
FNDA:26,(anonymous_10)
FNDA:16,(anonymous_11)
DA:3,8
DA:4,8
DA:5,8
DA:6,8
DA:7,8
DA:8,8
DA:9,8
DA:10,8
DA:11,8
DA:12,8
DA:13,8
DA:15,8
DA:27,8
DA:32,58
DA:45,67
DA:51,8
DA:52,66
DA:58,8
DA:59,65
DA:65,8
DA:66,64
DA:72,8
DA:73,63
DA:79,62
DA:85,8
DA:86,113
DA:87,113
DA:88,113
DA:89,113
DA:90,113
DA:92,113
DA:106,8
DA:107,13
DA:108,78
DA:109,26
DA:113,8
DA:114,16
DA:115,16
DA:117,16
DA:118,2
DA:120,14
DA:121,13
DA:123,1
DA:124,1
DA:125,1
LF:45
LH:45
BRDA:117,0,0,2
BRDA:120,1,0,13
BRF:2
BRH:2
end_of_record
TN:
SF:src\generated\duration-lexer.ts
FN:103,(anonymous_6)
FN:109,(anonymous_7)
FN:115,(anonymous_8)
FN:120,(anonymous_9)
FN:125,(anonymous_10)
FN:130,(anonymous_11)
FN:135,(anonymous_12)
FN:176,(anonymous_13)
FNF:8
FNH:8
FNDA:1,(anonymous_6)
FNDA:114,(anonymous_7)
FNDA:1,(anonymous_8)
FNDA:1,(anonymous_9)
FNDA:1,(anonymous_10)
FNDA:1,(anonymous_11)
FNDA:1,(anonymous_12)
FNDA:114,(anonymous_13)
DA:2,18
DA:4,18
DA:5,18
DA:7,18
DA:9,18
DA:11,18
DA:12,18
DA:14,18
DA:16,18
DA:18,18
DA:20,18
DA:22,18
DA:24,18
DA:26,18
DA:28,18
DA:30,18
DA:32,18
DA:34,18
DA:36,18
DA:38,18
DA:40,18
DA:42,18
DA:44,18
DA:61,18
DA:77,18
DA:95,18
DA:104,1
DA:110,114
DA:111,114
DA:116,1
DA:121,1
DA:126,1
DA:131,1
DA:136,1
DA:139,18
DA:177,114
DA:178,18
DA:183,114
LF:38
LH:38
BRDA:177,0,0,18
BRF:1
BRH:1
end_of_record
TN:
SF:src\generated\duration-parser.ts
FN:141,(anonymous_6)
FN:148,(anonymous_7)
FN:153,(anonymous_8)
FN:158,(anonymous_9)
FN:162,(anonymous_10)
FN:169,(anonymous_11)
FN:175,(anonymous_12)
FN:217,(anonymous_13)
FN:261,(anonymous_14)
FN:301,(anonymous_15)
FN:340,(anonymous_16)
FN:377,(anonymous_17)
FN:426,(anonymous_18)
FN:503,(anonymous_19)
FN:529,(anonymous_20)
FN:555,(anonymous_21)
FN:581,(anonymous_22)
FN:607,(anonymous_23)
FN:633,(anonymous_24)
FN:718,(anonymous_25)
FNF:20
FNH:19
FNDA:7,(anonymous_6)
FNDA:1,(anonymous_7)
FNDA:1,(anonymous_8)
FNDA:1,(anonymous_9)
FNDA:0,(anonymous_10)
FNDA:105,(anonymous_11)
FNDA:88,(anonymous_12)
FNDA:59,(anonymous_13)
FNDA:27,(anonymous_14)
FNDA:61,(anonymous_15)
FNDA:14,(anonymous_16)
FNDA:62,(anonymous_17)
FNDA:112,(anonymous_18)
FNDA:39,(anonymous_19)
FNDA:58,(anonymous_20)
FNDA:36,(anonymous_21)
FNDA:32,(anonymous_22)
FNDA:28,(anonymous_23)
FNDA:33,(anonymous_24)
FNDA:105,(anonymous_25)
DA:1,18
DA:2,18
DA:3,18
DA:4,18
DA:5,18
DA:6,18
DA:7,18
DA:8,18
DA:11,18
DA:12,18
DA:13,18
DA:14,18
DA:15,18
DA:16,18
DA:17,18
DA:18,18
DA:19,18
DA:20,18
DA:21,18
DA:22,18
DA:23,18
DA:24,18
DA:25,18
DA:27,18
DA:28,18
DA:30,18
DA:32,18
DA:34,18
DA:36,18
DA:38,18
DA:40,18
DA:42,18
DA:44,18
DA:46,18
DA:48,18
DA:50,18
DA:52,18
DA:54,18
DA:56,18
DA:58,18
DA:60,18
DA:62,18
DA:64,18
DA:66,18
DA:68,18
DA:70,18
DA:72,18
DA:74,18
DA:76,18
DA:78,18
DA:80,18
DA:83,18
DA:99,18
DA:115,18
DA:133,18
DA:142,7
DA:149,1
DA:154,1
DA:159,1
DA:166,0
DA:170,105
DA:171,105
DA:176,88
DA:177,88
DA:178,88
DA:179,88
DA:180,88
DA:181,88
DA:183,62
DA:185,62
DA:186,62
DA:187,62
DA:188,62
DA:190,62
DA:193,20
DA:195,20
DA:196,20
DA:197,20
DA:198,20
DA:200,19
DA:203,7
DA:204,7
DA:205,7
DA:206,7
DA:208,0
DA:211,88
DA:213,88
DA:218,59
DA:222,59
DA:223,59
DA:225,59
DA:227,59
DA:228,59
DA:229,59
DA:230,59
DA:231,59
DA:232,59
DA:233,27
DA:236,27
DA:237,27
DA:241,27
DA:242,27
DA:243,27
DA:247,0
DA:248,0
DA:249,0
DA:250,0
DA:252,0
DA:255,59
DA:257,59
DA:262,27
DA:266,27
DA:268,27
DA:269,27
DA:271,27
DA:272,27
DA:273,27
DA:274,0
DA:276,27
DA:277,0
DA:280,27
DA:281,27
DA:283,27
DA:284,27
DA:287,0
DA:288,0
DA:289,0
DA:290,0
DA:292,0
DA:295,27
DA:297,27
DA:302,61
DA:303,61
DA:305,61
DA:306,61
DA:308,61
DA:309,61
DA:310,61
DA:311,61
DA:312,61
DA:313,61
DA:316,14
DA:317,14
DA:320,14
DA:321,14
DA:322,14
DA:326,0
DA:327,0
DA:328,0
DA:329,0
DA:331,0
DA:334,61
DA:336,61
DA:341,14
DA:342,14
DA:344,14
DA:345,14
DA:347,14
DA:348,14
DA:349,14
DA:350,0
DA:352,14
DA:353,0
DA:356,14
DA:357,14
DA:359,14
DA:360,14
DA:363,0
DA:364,0
DA:365,0
DA:366,0
DA:368,0
DA:371,14
DA:373,14
DA:378,62
DA:379,62
DA:380,62
DA:381,62
DA:382,62
DA:383,62
DA:391,49
DA:393,49
DA:394,49
DA:396,49
DA:398,10
DA:400,10
DA:401,10
DA:402,10
DA:403,10
DA:404,10
DA:405,10
DA:407,9
DA:409,3
DA:412,4
DA:413,4
DA:414,4
DA:415,4
DA:417,0
DA:420,62
DA:422,62
DA:427,112
DA:428,112
DA:430,112
DA:431,112
DA:433,112
DA:434,112
DA:435,112
DA:437,38
DA:438,38
DA:440,38
DA:442,112
DA:443,112
DA:444,112
DA:446,57
DA:447,57
DA:449,57
DA:451,112
DA:452,112
DA:453,112
DA:455,35
DA:456,35
DA:458,35
DA:460,112
DA:461,112
DA:462,112
DA:464,31
DA:465,31
DA:467,31
DA:469,112
DA:470,112
DA:471,112
DA:473,27
DA:474,27
DA:476,27
DA:478,112
DA:479,112
DA:480,112
DA:481,112
DA:483,31
DA:484,31
DA:489,0
DA:490,0
DA:491,0
DA:492,0
DA:494,0
DA:497,112
DA:499,112
DA:504,39
DA:505,39
DA:506,39
DA:507,39
DA:509,39
DA:510,39
DA:511,39
DA:512,39
DA:515,0
DA:516,0
DA:517,0
DA:518,0
DA:520,0
DA:523,39
DA:525,39
DA:530,58
DA:531,58
DA:532,58
DA:533,58
DA:535,58
DA:536,58
DA:537,58
DA:538,58
DA:541,0
DA:542,0
DA:543,0
DA:544,0
DA:546,0
DA:549,58
DA:551,58
DA:556,36
DA:557,36
DA:558,36
DA:559,36
DA:561,36
DA:562,36
DA:563,36
DA:564,36
DA:567,0
DA:568,0
DA:569,0
DA:570,0
DA:572,0
DA:575,36
DA:577,36
DA:582,32
DA:583,32
DA:584,32
DA:585,32
DA:587,32
DA:588,32
DA:589,32
DA:590,32
DA:593,0
DA:594,0
DA:595,0
DA:596,0
DA:598,0
DA:601,32
DA:603,32
DA:608,28
DA:609,28
DA:610,28
DA:611,28
DA:613,28
DA:614,28
DA:615,28
DA:616,28
DA:619,0
DA:620,0
DA:621,0
DA:622,0
DA:624,0
DA:627,28
DA:629,28
DA:634,33
DA:638,33
DA:639,33
DA:640,33
DA:641,33
DA:642,33
DA:644,28
DA:646,28
DA:647,28
DA:648,28
DA:649,28
DA:651,28
DA:654,5
DA:656,5
DA:657,5
DA:659,5
DA:662,0
DA:663,0
DA:664,0
DA:665,0
DA:667,0
DA:670,33
DA:672,33
DA:675,18
DA:719,105
DA:720,17
DA:725,105
LF:349
LH:287
BRDA:181,0,0,62
BRDA:181,0,1,20
BRDA:203,1,0,7
BRDA:203,1,1,0
BRDA:232,2,0,86
BRDA:232,2,1,27
BRDA:233,3,0,27
BRDA:247,4,0,0
BRDA:247,4,1,0
BRDA:273,5,0,0
BRDA:273,5,1,27
BRDA:273,6,0,27
BRDA:273,6,1,9
BRDA:276,7,0,0
BRDA:287,8,0,0
BRDA:287,8,1,0
BRDA:313,9,0,75
BRDA:313,9,1,65
BRDA:326,10,0,0
BRDA:326,10,1,0
BRDA:349,11,0,0
BRDA:349,11,1,14
BRDA:349,12,0,14
BRDA:349,12,1,4
BRDA:352,13,0,0
BRDA:363,14,0,0
BRDA:363,14,1,0
BRDA:383,15,0,0
BRDA:383,15,1,0
BRDA:383,15,2,0
BRDA:383,15,3,0
BRDA:383,15,4,0
BRDA:383,15,5,0
BRDA:383,15,6,49
BRDA:383,15,7,10
BRDA:383,15,8,3
BRDA:412,16,0,4
BRDA:412,16,1,0
BRDA:435,17,0,38
BRDA:444,18,0,57
BRDA:453,19,0,35
BRDA:462,20,0,31
BRDA:471,21,0,27
BRDA:481,22,0,31
BRDA:489,23,0,0
BRDA:489,23,1,0
BRDA:515,24,0,0
BRDA:515,24,1,0
BRDA:541,25,0,0
BRDA:541,25,1,0
BRDA:567,26,0,0
BRDA:567,26,1,0
BRDA:593,27,0,0
BRDA:593,27,1,0
BRDA:619,28,0,0
BRDA:619,28,1,0
BRDA:642,29,0,28
BRDA:642,29,1,5
BRDA:662,30,0,0
BRDA:662,30,1,0
BRDA:719,31,0,17
BRF:61
BRH:27
end_of_record
TN:
SF:src\generated\context\days-statement-context.ts
FN:7,(anonymous_0)
FN:11,(anonymous_1)
FN:15,(anonymous_2)
FN:20,(anonymous_3)
FN:25,(anonymous_4)
FN:32,(anonymous_5)
FNF:6
FNH:6
FNDA:1,(anonymous_0)
FNDA:1,(anonymous_1)
FNDA:58,(anonymous_2)
FNDA:1,(anonymous_3)
FNDA:16,(anonymous_4)
FNDA:16,(anonymous_5)
DA:1,18
DA:4,18
DA:6,18
DA:8,1
DA:12,1
DA:16,58
DA:21,1
DA:26,16
DA:27,16
DA:33,16
DA:34,16
LF:11
LH:11
BRDA:26,0,0,16
BRDA:33,1,0,16
BRF:2
BRH:2
end_of_record
TN:
SF:src\generated\context\duration-expression-context.ts
FN:8,(anonymous_0)
FN:16,(anonymous_1)
FN:25,(anonymous_2)
FN:30,(anonymous_3)
FN:35,(anonymous_4)
FN:42,(anonymous_5)
FNF:6
FNH:6
FNDA:9,(anonymous_0)
FNDA:10,(anonymous_1)
FNDA:59,(anonymous_2)
FNDA:1,(anonymous_3)
FNDA:1,(anonymous_4)
FNDA:1,(anonymous_5)
DA:1,18
DA:2,18
DA:3,18
DA:5,18
DA:7,18
DA:9,9
DA:19,10
DA:20,9
DA:22,1
DA:26,59
DA:31,1
DA:36,1
DA:37,1
DA:43,1
DA:44,1
LF:15
LH:15
BRDA:19,0,0,9
BRDA:36,1,0,1
BRDA:43,2,0,1
BRF:3
BRH:3
end_of_record
TN:
SF:src\generated\context\duration-expression-tail-context.ts
FN:8,(anonymous_0)
FN:12,(anonymous_1)
FN:16,(anonymous_2)
FN:20,(anonymous_3)
FN:25,(anonymous_4)
FN:30,(anonymous_5)
FN:37,(anonymous_6)
FNF:7
FNH:7
FNDA:5,(anonymous_0)
FNDA:5,(anonymous_1)
FNDA:1,(anonymous_2)
FNDA:27,(anonymous_3)
FNDA:1,(anonymous_4)
FNDA:1,(anonymous_5)
FNDA:1,(anonymous_6)
DA:1,18
DA:4,18
DA:5,18
DA:7,18
DA:9,5
DA:13,5
DA:17,1
DA:21,27
DA:26,1
DA:31,1
DA:32,1
DA:38,1
DA:39,1
LF:13
LH:13
BRDA:31,0,0,1
BRDA:38,1,0,1
BRF:2
BRH:2
end_of_record
TN:
SF:src\generated\context\duration-factor-context.ts
FN:9,(anonymous_0)
FN:13,(anonymous_1)
FN:17,(anonymous_2)
FN:21,(anonymous_3)
FN:25,(anonymous_4)
FN:30,(anonymous_5)
FN:35,(anonymous_6)
FN:42,(anonymous_7)
FNF:8
FNH:8
FNDA:9,(anonymous_0)
FNDA:1,(anonymous_1)
FNDA:2,(anonymous_2)
FNDA:1,(anonymous_3)
FNDA:62,(anonymous_4)
FNDA:1,(anonymous_5)
FNDA:1,(anonymous_6)
FNDA:1,(anonymous_7)
DA:1,18
DA:2,18
DA:5,18
DA:6,18
DA:8,18
DA:10,9
DA:14,1
DA:18,2
DA:22,1
DA:26,62
DA:31,1
DA:36,1
DA:37,1
DA:43,1
DA:44,1
LF:15
LH:15
BRDA:36,0,0,1
BRDA:43,1,0,1
BRF:2
BRH:2
end_of_record
TN:
SF:src\generated\context\duration-statement-context.ts
FN:12,(anonymous_0)
FN:16,(anonymous_1)
FN:20,(anonymous_2)
FN:24,(anonymous_3)
FN:28,(anonymous_4)
FN:32,(anonymous_5)
FN:36,(anonymous_6)
FN:41,(anonymous_7)
FN:46,(anonymous_8)
FN:53,(anonymous_9)
FNF:10
FNH:10
FNDA:48,(anonymous_0)
FNDA:48,(anonymous_1)
FNDA:48,(anonymous_2)
FNDA:48,(anonymous_3)
FNDA:48,(anonymous_4)
FNDA:48,(anonymous_5)
FNDA:112,(anonymous_6)
FNDA:1,(anonymous_7)
FNDA:16,(anonymous_8)
FNDA:16,(anonymous_9)
DA:1,18
DA:2,18
DA:3,18
DA:4,18
DA:5,18
DA:6,18
DA:7,18
DA:9,18
DA:11,18
DA:13,48
DA:17,48
DA:21,48
DA:25,48
DA:29,48
DA:33,48
DA:37,112
DA:42,1
DA:47,16
DA:48,16
DA:54,16
DA:55,16
LF:21
LH:21
BRDA:47,0,0,16
BRDA:54,1,0,16
BRF:2
BRH:2
end_of_record
TN:
SF:src\generated\context\duration-term-context.ts
FN:8,(anonymous_0)
FN:16,(anonymous_1)
FN:23,(anonymous_2)
FN:28,(anonymous_3)
FN:33,(anonymous_4)
FN:40,(anonymous_5)
FNF:6
FNH:6
FNDA:9,(anonymous_0)
FNDA:10,(anonymous_1)
FNDA:61,(anonymous_2)
FNDA:1,(anonymous_3)
FNDA:1,(anonymous_4)
FNDA:1,(anonymous_5)
DA:1,18
DA:2,18
DA:3,18
DA:5,18
DA:7,18
DA:9,9
DA:17,10
DA:18,9
DA:20,1
DA:24,61
DA:29,1
DA:34,1
DA:35,1
DA:41,1
DA:42,1
LF:15
LH:15
BRDA:17,0,0,9
BRDA:34,1,0,1
BRDA:41,2,0,1
BRF:3
BRH:3
end_of_record
TN:
SF:src\generated\context\duration-term-tail-context.ts
FN:7,(anonymous_0)
FN:11,(anonymous_1)
FN:15,(anonymous_2)
FN:19,(anonymous_3)
FN:24,(anonymous_4)
FN:29,(anonymous_5)
FN:36,(anonymous_6)
FNF:7
FNH:7
FNDA:4,(anonymous_0)
FNDA:1,(anonymous_1)
FNDA:4,(anonymous_2)
FNDA:14,(anonymous_3)
FNDA:1,(anonymous_4)
FNDA:1,(anonymous_5)
FNDA:1,(anonymous_6)
DA:1,18
DA:4,18
DA:6,18
DA:8,4
DA:12,1
DA:16,4
DA:20,14
DA:25,1
DA:30,1
DA:31,1
DA:37,1
DA:38,1
LF:12
LH:12
BRDA:30,0,0,1
BRDA:37,1,0,1
BRF:2
BRH:2
end_of_record
TN:
SF:src\generated\context\hours-statement-context.ts
FN:7,(anonymous_0)
FN:11,(anonymous_1)
FN:15,(anonymous_2)
FN:20,(anonymous_3)
FN:25,(anonymous_4)
FN:32,(anonymous_5)
FNF:6
FNH:6
FNDA:1,(anonymous_0)
FNDA:1,(anonymous_1)
FNDA:36,(anonymous_2)
FNDA:1,(anonymous_3)
FNDA:16,(anonymous_4)
FNDA:16,(anonymous_5)
DA:1,18
DA:4,18
DA:6,18
DA:8,1
DA:12,1
DA:16,36
DA:21,1
DA:26,16
DA:27,16
DA:33,16
DA:34,16
LF:11
LH:11
BRDA:26,0,0,16
BRDA:33,1,0,16
BRF:2
BRH:2
end_of_record
TN:
SF:src\generated\context\milliseconds-statement-context.ts
FN:7,(anonymous_0)
FN:11,(anonymous_1)
FN:15,(anonymous_2)
FN:20,(anonymous_3)
FN:25,(anonymous_4)
FN:32,(anonymous_5)
FNF:6
FNH:6
FNDA:1,(anonymous_0)
FNDA:2,(anonymous_1)
FNDA:33,(anonymous_2)
FNDA:1,(anonymous_3)
FNDA:16,(anonymous_4)
FNDA:16,(anonymous_5)
DA:1,18
DA:4,18
DA:6,18
DA:8,1
DA:12,2
DA:16,33
DA:21,1
DA:26,16
DA:27,16
DA:33,16
DA:34,16
LF:11
LH:11
BRDA:26,0,0,16
BRDA:33,1,0,16
BRF:2
BRH:2
end_of_record
TN:
SF:src\generated\context\minutes-statement-context.ts
FN:7,(anonymous_0)
FN:11,(anonymous_1)
FN:15,(anonymous_2)
FN:20,(anonymous_3)
FN:25,(anonymous_4)
FN:32,(anonymous_5)
FNF:6
FNH:6
FNDA:1,(anonymous_0)
FNDA:1,(anonymous_1)
FNDA:32,(anonymous_2)
FNDA:1,(anonymous_3)
FNDA:16,(anonymous_4)
FNDA:16,(anonymous_5)
DA:1,18
DA:4,18
DA:6,18
DA:8,1
DA:12,1
DA:16,32
DA:21,1
DA:26,16
DA:27,16
DA:33,16
DA:34,16
LF:11
LH:11
BRDA:26,0,0,16
BRDA:33,1,0,16
BRF:2
BRH:2
end_of_record
TN:
SF:src\generated\context\parse-duration-context.ts
FN:9,(anonymous_0)
FN:13,(anonymous_1)
FN:17,(anonymous_2)
FN:21,(anonymous_3)
FN:26,(anonymous_4)
FN:31,(anonymous_5)
FN:38,(anonymous_6)
FNF:7
FNH:7
FNDA:45,(anonymous_0)
FNDA:1,(anonymous_1)
FNDA:5,(anonymous_2)
FNDA:88,(anonymous_3)
FNDA:1,(anonymous_4)
FNDA:16,(anonymous_5)
FNDA:16,(anonymous_6)
DA:1,18
DA:2,18
DA:4,18
DA:6,18
DA:8,18
DA:10,45
DA:14,1
DA:18,5
DA:22,88
DA:27,1
DA:32,16
DA:33,16
DA:39,16
DA:40,16
LF:14
LH:14
BRDA:32,0,0,16
BRDA:39,1,0,16
BRF:2
BRH:2
end_of_record
TN:
SF:src\generated\context\seconds-statement-context.ts
FN:7,(anonymous_0)
FN:11,(anonymous_1)
FN:15,(anonymous_2)
FN:20,(anonymous_3)
FN:25,(anonymous_4)
FN:32,(anonymous_5)
FNF:6
FNH:6
FNDA:1,(anonymous_0)
FNDA:1,(anonymous_1)
FNDA:28,(anonymous_2)
FNDA:1,(anonymous_3)
FNDA:16,(anonymous_4)
FNDA:16,(anonymous_5)
DA:1,18
DA:4,18
DA:6,18
DA:8,1
DA:12,1
DA:16,28
DA:21,1
DA:26,16
DA:27,16
DA:33,16
DA:34,16
LF:11
LH:11
BRDA:26,0,0,16
BRDA:33,1,0,16
BRF:2
BRH:2
end_of_record
TN:
SF:src\generated\context\weeks-statement-context.ts
FN:7,(anonymous_0)
FN:11,(anonymous_1)
FN:15,(anonymous_2)
FN:20,(anonymous_3)
FN:25,(anonymous_4)
FN:32,(anonymous_5)
FNF:6
FNH:6
FNDA:1,(anonymous_0)
FNDA:1,(anonymous_1)
FNDA:39,(anonymous_2)
FNDA:1,(anonymous_3)
FNDA:1,(anonymous_4)
FNDA:1,(anonymous_5)
DA:1,18
DA:4,18
DA:6,18
DA:8,1
DA:12,1
DA:16,39
DA:21,1
DA:26,1
DA:27,1
DA:33,1
DA:34,1
LF:11
LH:11
BRDA:26,0,0,1
BRDA:33,1,0,1
BRF:2
BRH:2
end_of_record
TN:
SF:src\terms\contexts-guards.ts
FN:4,(anonymous_0)
FN:12,(anonymous_1)
FNF:2
FNH:2
FNDA:32,(anonymous_0)
FNDA:45,(anonymous_1)
DA:4,7
DA:5,32
DA:12,7
DA:13,45
LF:4
LH:4
BRDA:5,0,0,32
BRDA:5,0,1,29
BRDA:5,0,2,29
BRDA:5,0,3,29
BRDA:5,0,4,29
BRDA:5,0,5,29
BRDA:13,1,0,45
BRDA:13,1,1,4
BRF:8
BRH:8
end_of_record
TN:
SF:src\terms\duration-expression-tail.ts
FN:13,(anonymous_0)
FN:18,(anonymous_1)
FN:28,(anonymous_2)
FN:7,(anonymous_3)
FNF:4
FNH:4
FNDA:13,(anonymous_0)
FNDA:10,(anonymous_1)
FNDA:2,(anonymous_2)
FNDA:13,(anonymous_3)
DA:1,6
DA:2,6
DA:6,6
DA:7,6
DA:8,13
DA:9,13
DA:10,13
DA:14,13
DA:15,13
DA:18,13
DA:19,10
DA:21,8
DA:24,2
DA:28,13
LF:14
LH:14
BRDA:19,0,0,8
BRDA:19,0,1,2
BRDA:8,1,0,3
BRDA:8,1,1,10
BRF:4
BRH:4
end_of_record
TN:
SF:src\terms\duration-expression.ts
FN:18,(anonymous_0)
FN:23,(anonymous_1)
FN:26,(anonymous_2)
FN:8,(anonymous_3)
FN:13,(anonymous_4)
FNF:5
FNH:5
FNDA:23,(anonymous_0)
FNDA:19,(anonymous_1)
FNDA:8,(anonymous_2)
FNDA:23,(anonymous_3)
FNDA:9,(anonymous_4)
DA:2,6
DA:3,6
DA:7,6
DA:8,6
DA:9,23
DA:11,23
DA:13,9
DA:15,23
DA:19,23
DA:20,23
DA:23,23
DA:24,19
DA:26,19
DA:27,8
DA:30,19
LF:15
LH:15
BRF:0
BRH:0
end_of_record
TN:
SF:src\terms\duration-factor.ts
FN:22,(anonymous_0)
FN:24,(anonymous_1)
FN:8,(anonymous_2)
FNF:3
FNH:3
FNDA:30,(anonymous_0)
FNDA:24,(anonymous_1)
FNDA:31,(anonymous_2)
DA:2,6
DA:3,6
DA:4,6
DA:7,6
DA:8,6
DA:9,31
DA:11,31
DA:12,1
DA:15,30
DA:19,30
DA:22,30
DA:24,30
LF:12
LH:12
BRDA:9,0,0,28
BRDA:9,0,1,3
BRDA:9,1,0,31
BRDA:9,1,1,31
BRDA:11,2,0,1
BRDA:15,3,0,28
BRDA:15,3,1,2
BRF:7
BRH:7
end_of_record
TN:
SF:src\terms\duration-statement.ts
FN:24,(anonymous_0)
FN:26,(anonymous_1)
FN:39,(anonymous_2)
FNF:3
FNH:3
FNDA:72,(anonymous_0)
FNDA:67,(anonymous_1)
FNDA:402,(anonymous_2)
DA:2,7
DA:11,7
DA:13,7
DA:23,7
DA:24,72
DA:26,72
DA:27,67
DA:36,67
DA:39,72
DA:40,402
LF:10
LH:10
BRDA:40,0,0,165
BRDA:40,0,1,237
BRDA:40,1,0,402
BRDA:40,1,1,402
BRDA:40,2,0,237
BRDA:40,2,1,165
BRDA:40,3,0,402
BRDA:40,3,1,402
BRDA:40,4,0,237
BRDA:40,4,1,165
BRDA:40,5,0,402
BRDA:40,5,1,402
BRDA:40,6,0,237
BRDA:40,6,1,165
BRDA:40,7,0,402
BRDA:40,7,1,402
BRF:16
BRH:16
end_of_record
TN:
SF:src\terms\duration-term-tail.ts
FN:12,(anonymous_0)
FN:14,(anonymous_1)
FN:24,(anonymous_2)
FN:6,(anonymous_3)
FNF:4
FNH:4
FNDA:29,(anonymous_0)
FNDA:23,(anonymous_1)
FNDA:2,(anonymous_2)
FNDA:29,(anonymous_3)
DA:1,7
DA:5,7
DA:6,7
DA:7,29
DA:8,29
DA:9,29
DA:12,29
DA:14,29
DA:15,23
DA:17,12
DA:20,11
DA:24,29
LF:12
LH:12
BRDA:15,0,0,12
BRDA:15,0,1,11
BRDA:7,1,0,15
BRDA:7,1,1,14
BRDA:8,2,0,29
BRDA:8,2,1,0
BRDA:8,3,0,29
BRDA:8,3,1,29
BRF:8
BRH:7
end_of_record
TN:
SF:src\terms\duration-term.ts
FN:18,(anonymous_0)
FN:23,(anonymous_1)
FN:26,(anonymous_2)
FN:8,(anonymous_3)
FN:13,(anonymous_4)
FNF:5
FNH:5
FNDA:27,(anonymous_0)
FNDA:23,(anonymous_1)
FNDA:19,(anonymous_2)
FNDA:27,(anonymous_3)
FNDA:25,(anonymous_4)
DA:2,6
DA:3,6
DA:7,6
DA:8,6
DA:9,27
DA:11,27
DA:13,25
DA:15,27
DA:19,27
DA:20,27
DA:23,27
DA:24,23
DA:26,23
DA:27,19
DA:30,23
LF:15
LH:15
BRF:0
BRH:0
end_of_record
TN:
SF:src\terms\types\expression-operator.ts
FN:1,(anonymous_0)
FNF:1
FNH:1
FNDA:8,(anonymous_0)
DA:1,8
DA:2,8
DA:3,8
LF:3
LH:3
BRDA:1,0,0,8
BRDA:1,0,1,8
BRF:2
BRH:2
end_of_record
TN:
SF:src\terms\types\term-operator.ts
FN:1,(anonymous_0)
FNF:1
FNH:1
FNDA:8,(anonymous_0)
DA:1,8
DA:2,8
DA:3,8
LF:3
LH:3
BRDA:1,0,0,8
BRDA:1,0,1,8
BRF:2
BRH:2
end_of_record
